<?xml version="1.0" encoding="UTF-8"?>
<!-- Generated by org.testng.reporters.JUnitReportReporter -->
<testsuite hostname="HP" failures="0" tests="1" name="test.Kids" time="9.319" errors="0" timestamp="2022-05-23T18:54:08 IST" skipped="0">
  <testcase classname="test.Kids" name="test" time="9.319"/>
  <system-out/>
</testsuite> <!-- test.Kids -->
