<?xml version="1.0" encoding="UTF-8"?>
<!-- Generated by org.testng.reporters.JUnitReportReporter -->
<testsuite hostname="HP" failures="0" tests="1" name="test.aboutTest" time="10.138" errors="0" timestamp="2022-05-21T22:11:54 IST" skipped="0">
  <testcase classname="test.aboutTest" name="met" time="10.138"/>
  <system-out/>
</testsuite> <!-- test.aboutTest -->
