<?xml version="1.0" encoding="UTF-8"?>
<!-- Generated by org.testng.reporters.JUnitReportReporter -->
<testsuite hostname="HP" failures="0" tests="1" name="test.TvUnitTest" time="5.687" errors="0" timestamp="2022-05-21T22:11:54 IST" skipped="0">
  <testcase classname="test.TvUnitTest" name="Test" time="5.687"/>
  <system-out/>
</testsuite> <!-- test.TvUnitTest -->
