<?xml version="1.0" encoding="UTF-8"?>
<!-- Generated by org.testng.reporters.JUnitReportReporter -->
<testsuite hostname="HP" failures="0" tests="1" name="test.ShippingAndDeliveryTest" time="4.890" errors="0" timestamp="2022-05-21T22:11:54 IST" skipped="0">
  <testcase classname="test.ShippingAndDeliveryTest" name="test" time="4.890"/>
  <system-out/>
</testsuite> <!-- test.ShippingAndDeliveryTest -->
