<?xml version="1.0" encoding="UTF-8"?>
<!-- Generated by org.testng.reporters.JUnitReportReporter -->
<testsuite hostname="HP" failures="0" tests="1" name="test.PrivacyPolicyTest" time="6.880" errors="0" timestamp="2022-05-21T22:11:54 IST" skipped="0">
  <testcase classname="test.PrivacyPolicyTest" name="test1" time="6.880"/>
  <system-out/>
</testsuite> <!-- test.PrivacyPolicyTest -->
