<?xml version="1.0" encoding="UTF-8"?>
<!-- Generated by org.testng.reporters.JUnitReportReporter -->
<testsuite hostname="HP" failures="0" tests="1" name="test.BedroomTest" time="10.805" errors="0" timestamp="2022-05-18T14:48:42 IST" skipped="0">
  <testcase classname="test.BedroomTest" name="Test" time="10.805"/>
  <system-out/>
</testsuite> <!-- test.BedroomTest -->
