<?xml version="1.0" encoding="UTF-8"?>
<!-- Generated by org.testng.reporters.JUnitReportReporter -->
<testsuite hostname="HP" failures="0" tests="1" name="test.Logintest" time="17.167" errors="0" timestamp="2022-05-22T00:09:42 IST" skipped="0">
  <testcase classname="test.Logintest" name="test1" time="17.167"/>
  <system-out/>
</testsuite> <!-- test.Logintest -->
